[23:05:39:408] [ERROR] - com.alibaba.cloud.nacos.client.NacosPropertySourceBuilder.loadNacosData(NacosPropertySourceBuilder.java:101) - get data from Nacos error,dataId:gateway-service 
com.alibaba.nacos.api.exception.NacosException: group invalid
	at com.alibaba.nacos.client.config.utils.ParamUtils.checkKeyParam(ParamUtils.java:105) ~[nacos-client-2.2.1.jar:?]
	at com.alibaba.nacos.client.config.NacosConfigService.getConfigInner(NacosConfigService.java:158) ~[nacos-client-2.2.1.jar:?]
	at com.alibaba.nacos.client.config.NacosConfigService.getConfig(NacosConfigService.java:96) ~[nacos-client-2.2.1.jar:?]
	at com.alibaba.cloud.nacos.client.NacosPropertySourceBuilder.loadNacosData(NacosPropertySourceBuilder.java:85) [spring-cloud-starter-alibaba-nacos-config-2022.0.0.0.jar:2022.0.0.0]
	at com.alibaba.cloud.nacos.client.NacosPropertySourceBuilder.build(NacosPropertySourceBuilder.java:73) [spring-cloud-starter-alibaba-nacos-config-2022.0.0.0.jar:2022.0.0.0]
	at com.alibaba.cloud.nacos.client.NacosPropertySourceLocator.loadNacosPropertySource(NacosPropertySourceLocator.java:199) [spring-cloud-starter-alibaba-nacos-config-2022.0.0.0.jar:2022.0.0.0]
	at com.alibaba.cloud.nacos.client.NacosPropertySourceLocator.loadNacosDataIfPresent(NacosPropertySourceLocator.java:186) [spring-cloud-starter-alibaba-nacos-config-2022.0.0.0.jar:2022.0.0.0]
	at com.alibaba.cloud.nacos.client.NacosPropertySourceLocator.loadApplicationConfiguration(NacosPropertySourceLocator.java:141) [spring-cloud-starter-alibaba-nacos-config-2022.0.0.0.jar:2022.0.0.0]
	at com.alibaba.cloud.nacos.client.NacosPropertySourceLocator.locate(NacosPropertySourceLocator.java:103) [spring-cloud-starter-alibaba-nacos-config-2022.0.0.0.jar:2022.0.0.0]
	at org.springframework.cloud.bootstrap.config.PropertySourceLocator.locateCollection(PropertySourceLocator.java:50) [spring-cloud-context-4.0.3.jar:4.0.3]
	at org.springframework.cloud.bootstrap.config.PropertySourceLocator.locateCollection(PropertySourceLocator.java:46) [spring-cloud-context-4.0.3.jar:4.0.3]
	at org.springframework.cloud.bootstrap.config.PropertySourceBootstrapConfiguration.doInitialize(PropertySourceBootstrapConfiguration.java:121) [spring-cloud-context-4.0.3.jar:4.0.3]
	at org.springframework.cloud.bootstrap.config.PropertySourceBootstrapConfiguration.initialize(PropertySourceBootstrapConfiguration.java:111) [spring-cloud-context-4.0.3.jar:4.0.3]
	at org.springframework.boot.SpringApplication.applyInitializers(SpringApplication.java:607) [spring-boot-3.1.1.jar:3.1.1]
	at org.springframework.boot.SpringApplication.prepareContext(SpringApplication.java:387) [spring-boot-3.1.1.jar:3.1.1]
	at org.springframework.boot.SpringApplication.run(SpringApplication.java:311) [spring-boot-3.1.1.jar:3.1.1]
	at org.springframework.boot.SpringApplication.run(SpringApplication.java:1306) [spring-boot-3.1.1.jar:3.1.1]
	at org.springframework.boot.SpringApplication.run(SpringApplication.java:1295) [spring-boot-3.1.1.jar:3.1.1]
	at com.zlennon.gateway.SpringCloudGateWayApplication.main(SpringCloudGateWayApplication.java:15) [classes/:?]
	at jdk.internal.reflect.NativeMethodAccessorImpl.invoke0(Native Method) ~[?:?]
	at jdk.internal.reflect.NativeMethodAccessorImpl.invoke(NativeMethodAccessorImpl.java:77) ~[?:?]
	at jdk.internal.reflect.DelegatingMethodAccessorImpl.invoke(DelegatingMethodAccessorImpl.java:43) ~[?:?]
	at java.lang.reflect.Method.invoke(Method.java:568) ~[?:?]
	at org.springframework.boot.devtools.restart.RestartLauncher.run(RestartLauncher.java:50) [spring-boot-devtools-3.1.1.jar:3.1.1]
[23:05:39:442] [ERROR] - com.alibaba.cloud.nacos.client.NacosPropertySourceBuilder.loadNacosData(NacosPropertySourceBuilder.java:101) - get data from Nacos error,dataId:gateway-service.yml 
com.alibaba.nacos.api.exception.NacosException: group invalid
	at com.alibaba.nacos.client.config.utils.ParamUtils.checkKeyParam(ParamUtils.java:105) ~[nacos-client-2.2.1.jar:?]
	at com.alibaba.nacos.client.config.NacosConfigService.getConfigInner(NacosConfigService.java:158) ~[nacos-client-2.2.1.jar:?]
	at com.alibaba.nacos.client.config.NacosConfigService.getConfig(NacosConfigService.java:96) ~[nacos-client-2.2.1.jar:?]
	at com.alibaba.cloud.nacos.client.NacosPropertySourceBuilder.loadNacosData(NacosPropertySourceBuilder.java:85) [spring-cloud-starter-alibaba-nacos-config-2022.0.0.0.jar:2022.0.0.0]
	at com.alibaba.cloud.nacos.client.NacosPropertySourceBuilder.build(NacosPropertySourceBuilder.java:73) [spring-cloud-starter-alibaba-nacos-config-2022.0.0.0.jar:2022.0.0.0]
	at com.alibaba.cloud.nacos.client.NacosPropertySourceLocator.loadNacosPropertySource(NacosPropertySourceLocator.java:199) [spring-cloud-starter-alibaba-nacos-config-2022.0.0.0.jar:2022.0.0.0]
	at com.alibaba.cloud.nacos.client.NacosPropertySourceLocator.loadNacosDataIfPresent(NacosPropertySourceLocator.java:186) [spring-cloud-starter-alibaba-nacos-config-2022.0.0.0.jar:2022.0.0.0]
	at com.alibaba.cloud.nacos.client.NacosPropertySourceLocator.loadApplicationConfiguration(NacosPropertySourceLocator.java:144) [spring-cloud-starter-alibaba-nacos-config-2022.0.0.0.jar:2022.0.0.0]
	at com.alibaba.cloud.nacos.client.NacosPropertySourceLocator.locate(NacosPropertySourceLocator.java:103) [spring-cloud-starter-alibaba-nacos-config-2022.0.0.0.jar:2022.0.0.0]
	at org.springframework.cloud.bootstrap.config.PropertySourceLocator.locateCollection(PropertySourceLocator.java:50) [spring-cloud-context-4.0.3.jar:4.0.3]
	at org.springframework.cloud.bootstrap.config.PropertySourceLocator.locateCollection(PropertySourceLocator.java:46) [spring-cloud-context-4.0.3.jar:4.0.3]
	at org.springframework.cloud.bootstrap.config.PropertySourceBootstrapConfiguration.doInitialize(PropertySourceBootstrapConfiguration.java:121) [spring-cloud-context-4.0.3.jar:4.0.3]
	at org.springframework.cloud.bootstrap.config.PropertySourceBootstrapConfiguration.initialize(PropertySourceBootstrapConfiguration.java:111) [spring-cloud-context-4.0.3.jar:4.0.3]
	at org.springframework.boot.SpringApplication.applyInitializers(SpringApplication.java:607) [spring-boot-3.1.1.jar:3.1.1]
	at org.springframework.boot.SpringApplication.prepareContext(SpringApplication.java:387) [spring-boot-3.1.1.jar:3.1.1]
	at org.springframework.boot.SpringApplication.run(SpringApplication.java:311) [spring-boot-3.1.1.jar:3.1.1]
	at org.springframework.boot.SpringApplication.run(SpringApplication.java:1306) [spring-boot-3.1.1.jar:3.1.1]
	at org.springframework.boot.SpringApplication.run(SpringApplication.java:1295) [spring-boot-3.1.1.jar:3.1.1]
	at com.zlennon.gateway.SpringCloudGateWayApplication.main(SpringCloudGateWayApplication.java:15) [classes/:?]
	at jdk.internal.reflect.NativeMethodAccessorImpl.invoke0(Native Method) ~[?:?]
	at jdk.internal.reflect.NativeMethodAccessorImpl.invoke(NativeMethodAccessorImpl.java:77) ~[?:?]
	at jdk.internal.reflect.DelegatingMethodAccessorImpl.invoke(DelegatingMethodAccessorImpl.java:43) ~[?:?]
	at java.lang.reflect.Method.invoke(Method.java:568) ~[?:?]
	at org.springframework.boot.devtools.restart.RestartLauncher.run(RestartLauncher.java:50) [spring-boot-devtools-3.1.1.jar:3.1.1]
[23:05:39:447] [ERROR] - com.alibaba.cloud.nacos.client.NacosPropertySourceBuilder.loadNacosData(NacosPropertySourceBuilder.java:101) - get data from Nacos error,dataId:gateway-service-nacos-routes.yml 
com.alibaba.nacos.api.exception.NacosException: group invalid
	at com.alibaba.nacos.client.config.utils.ParamUtils.checkKeyParam(ParamUtils.java:105) ~[nacos-client-2.2.1.jar:?]
	at com.alibaba.nacos.client.config.NacosConfigService.getConfigInner(NacosConfigService.java:158) ~[nacos-client-2.2.1.jar:?]
	at com.alibaba.nacos.client.config.NacosConfigService.getConfig(NacosConfigService.java:96) ~[nacos-client-2.2.1.jar:?]
	at com.alibaba.cloud.nacos.client.NacosPropertySourceBuilder.loadNacosData(NacosPropertySourceBuilder.java:85) [spring-cloud-starter-alibaba-nacos-config-2022.0.0.0.jar:2022.0.0.0]
	at com.alibaba.cloud.nacos.client.NacosPropertySourceBuilder.build(NacosPropertySourceBuilder.java:73) [spring-cloud-starter-alibaba-nacos-config-2022.0.0.0.jar:2022.0.0.0]
	at com.alibaba.cloud.nacos.client.NacosPropertySourceLocator.loadNacosPropertySource(NacosPropertySourceLocator.java:199) [spring-cloud-starter-alibaba-nacos-config-2022.0.0.0.jar:2022.0.0.0]
	at com.alibaba.cloud.nacos.client.NacosPropertySourceLocator.loadNacosDataIfPresent(NacosPropertySourceLocator.java:186) [spring-cloud-starter-alibaba-nacos-config-2022.0.0.0.jar:2022.0.0.0]
	at com.alibaba.cloud.nacos.client.NacosPropertySourceLocator.loadApplicationConfiguration(NacosPropertySourceLocator.java:149) [spring-cloud-starter-alibaba-nacos-config-2022.0.0.0.jar:2022.0.0.0]
	at com.alibaba.cloud.nacos.client.NacosPropertySourceLocator.locate(NacosPropertySourceLocator.java:103) [spring-cloud-starter-alibaba-nacos-config-2022.0.0.0.jar:2022.0.0.0]
	at org.springframework.cloud.bootstrap.config.PropertySourceLocator.locateCollection(PropertySourceLocator.java:50) [spring-cloud-context-4.0.3.jar:4.0.3]
	at org.springframework.cloud.bootstrap.config.PropertySourceLocator.locateCollection(PropertySourceLocator.java:46) [spring-cloud-context-4.0.3.jar:4.0.3]
	at org.springframework.cloud.bootstrap.config.PropertySourceBootstrapConfiguration.doInitialize(PropertySourceBootstrapConfiguration.java:121) [spring-cloud-context-4.0.3.jar:4.0.3]
	at org.springframework.cloud.bootstrap.config.PropertySourceBootstrapConfiguration.initialize(PropertySourceBootstrapConfiguration.java:111) [spring-cloud-context-4.0.3.jar:4.0.3]
	at org.springframework.boot.SpringApplication.applyInitializers(SpringApplication.java:607) [spring-boot-3.1.1.jar:3.1.1]
	at org.springframework.boot.SpringApplication.prepareContext(SpringApplication.java:387) [spring-boot-3.1.1.jar:3.1.1]
	at org.springframework.boot.SpringApplication.run(SpringApplication.java:311) [spring-boot-3.1.1.jar:3.1.1]
	at org.springframework.boot.SpringApplication.run(SpringApplication.java:1306) [spring-boot-3.1.1.jar:3.1.1]
	at org.springframework.boot.SpringApplication.run(SpringApplication.java:1295) [spring-boot-3.1.1.jar:3.1.1]
	at com.zlennon.gateway.SpringCloudGateWayApplication.main(SpringCloudGateWayApplication.java:15) [classes/:?]
	at jdk.internal.reflect.NativeMethodAccessorImpl.invoke0(Native Method) ~[?:?]
	at jdk.internal.reflect.NativeMethodAccessorImpl.invoke(NativeMethodAccessorImpl.java:77) ~[?:?]
	at jdk.internal.reflect.DelegatingMethodAccessorImpl.invoke(DelegatingMethodAccessorImpl.java:43) ~[?:?]
	at java.lang.reflect.Method.invoke(Method.java:568) ~[?:?]
	at org.springframework.boot.devtools.restart.RestartLauncher.run(RestartLauncher.java:50) [spring-boot-devtools-3.1.1.jar:3.1.1]
[23:16:35:568] [ERROR] - com.alibaba.cloud.nacos.client.NacosPropertySourceBuilder.loadNacosData(NacosPropertySourceBuilder.java:101) - get data from Nacos error,dataId:gateway-service 
com.alibaba.nacos.api.exception.NacosException: group invalid
	at com.alibaba.nacos.client.config.utils.ParamUtils.checkKeyParam(ParamUtils.java:105) ~[nacos-client-2.2.1.jar:?]
	at com.alibaba.nacos.client.config.NacosConfigService.getConfigInner(NacosConfigService.java:158) ~[nacos-client-2.2.1.jar:?]
	at com.alibaba.nacos.client.config.NacosConfigService.getConfig(NacosConfigService.java:96) ~[nacos-client-2.2.1.jar:?]
	at com.alibaba.cloud.nacos.client.NacosPropertySourceBuilder.loadNacosData(NacosPropertySourceBuilder.java:85) [spring-cloud-starter-alibaba-nacos-config-2022.0.0.0.jar:2022.0.0.0]
	at com.alibaba.cloud.nacos.client.NacosPropertySourceBuilder.build(NacosPropertySourceBuilder.java:73) [spring-cloud-starter-alibaba-nacos-config-2022.0.0.0.jar:2022.0.0.0]
	at com.alibaba.cloud.nacos.client.NacosPropertySourceLocator.loadNacosPropertySource(NacosPropertySourceLocator.java:199) [spring-cloud-starter-alibaba-nacos-config-2022.0.0.0.jar:2022.0.0.0]
	at com.alibaba.cloud.nacos.client.NacosPropertySourceLocator.loadNacosDataIfPresent(NacosPropertySourceLocator.java:186) [spring-cloud-starter-alibaba-nacos-config-2022.0.0.0.jar:2022.0.0.0]
	at com.alibaba.cloud.nacos.client.NacosPropertySourceLocator.loadApplicationConfiguration(NacosPropertySourceLocator.java:141) [spring-cloud-starter-alibaba-nacos-config-2022.0.0.0.jar:2022.0.0.0]
	at com.alibaba.cloud.nacos.client.NacosPropertySourceLocator.locate(NacosPropertySourceLocator.java:103) [spring-cloud-starter-alibaba-nacos-config-2022.0.0.0.jar:2022.0.0.0]
	at org.springframework.cloud.bootstrap.config.PropertySourceLocator.locateCollection(PropertySourceLocator.java:50) [spring-cloud-context-4.0.3.jar:4.0.3]
	at org.springframework.cloud.bootstrap.config.PropertySourceLocator.locateCollection(PropertySourceLocator.java:46) [spring-cloud-context-4.0.3.jar:4.0.3]
	at org.springframework.cloud.bootstrap.config.PropertySourceBootstrapConfiguration.doInitialize(PropertySourceBootstrapConfiguration.java:121) [spring-cloud-context-4.0.3.jar:4.0.3]
	at org.springframework.cloud.bootstrap.config.PropertySourceBootstrapConfiguration.initialize(PropertySourceBootstrapConfiguration.java:111) [spring-cloud-context-4.0.3.jar:4.0.3]
	at org.springframework.boot.SpringApplication.applyInitializers(SpringApplication.java:607) [spring-boot-3.1.1.jar:3.1.1]
	at org.springframework.boot.SpringApplication.prepareContext(SpringApplication.java:387) [spring-boot-3.1.1.jar:3.1.1]
	at org.springframework.boot.SpringApplication.run(SpringApplication.java:311) [spring-boot-3.1.1.jar:3.1.1]
	at org.springframework.boot.SpringApplication.run(SpringApplication.java:1306) [spring-boot-3.1.1.jar:3.1.1]
	at org.springframework.boot.SpringApplication.run(SpringApplication.java:1295) [spring-boot-3.1.1.jar:3.1.1]
	at com.zlennon.gateway.SpringCloudGateWayApplication.main(SpringCloudGateWayApplication.java:15) [classes/:?]
	at jdk.internal.reflect.NativeMethodAccessorImpl.invoke0(Native Method) ~[?:?]
	at jdk.internal.reflect.NativeMethodAccessorImpl.invoke(NativeMethodAccessorImpl.java:77) ~[?:?]
	at jdk.internal.reflect.DelegatingMethodAccessorImpl.invoke(DelegatingMethodAccessorImpl.java:43) ~[?:?]
	at java.lang.reflect.Method.invoke(Method.java:568) ~[?:?]
	at org.springframework.boot.devtools.restart.RestartLauncher.run(RestartLauncher.java:50) [spring-boot-devtools-3.1.1.jar:3.1.1]
[23:16:35:583] [ERROR] - com.alibaba.cloud.nacos.client.NacosPropertySourceBuilder.loadNacosData(NacosPropertySourceBuilder.java:101) - get data from Nacos error,dataId:gateway-service.yml 
com.alibaba.nacos.api.exception.NacosException: group invalid
	at com.alibaba.nacos.client.config.utils.ParamUtils.checkKeyParam(ParamUtils.java:105) ~[nacos-client-2.2.1.jar:?]
	at com.alibaba.nacos.client.config.NacosConfigService.getConfigInner(NacosConfigService.java:158) ~[nacos-client-2.2.1.jar:?]
	at com.alibaba.nacos.client.config.NacosConfigService.getConfig(NacosConfigService.java:96) ~[nacos-client-2.2.1.jar:?]
	at com.alibaba.cloud.nacos.client.NacosPropertySourceBuilder.loadNacosData(NacosPropertySourceBuilder.java:85) [spring-cloud-starter-alibaba-nacos-config-2022.0.0.0.jar:2022.0.0.0]
	at com.alibaba.cloud.nacos.client.NacosPropertySourceBuilder.build(NacosPropertySourceBuilder.java:73) [spring-cloud-starter-alibaba-nacos-config-2022.0.0.0.jar:2022.0.0.0]
	at com.alibaba.cloud.nacos.client.NacosPropertySourceLocator.loadNacosPropertySource(NacosPropertySourceLocator.java:199) [spring-cloud-starter-alibaba-nacos-config-2022.0.0.0.jar:2022.0.0.0]
	at com.alibaba.cloud.nacos.client.NacosPropertySourceLocator.loadNacosDataIfPresent(NacosPropertySourceLocator.java:186) [spring-cloud-starter-alibaba-nacos-config-2022.0.0.0.jar:2022.0.0.0]
	at com.alibaba.cloud.nacos.client.NacosPropertySourceLocator.loadApplicationConfiguration(NacosPropertySourceLocator.java:144) [spring-cloud-starter-alibaba-nacos-config-2022.0.0.0.jar:2022.0.0.0]
	at com.alibaba.cloud.nacos.client.NacosPropertySourceLocator.locate(NacosPropertySourceLocator.java:103) [spring-cloud-starter-alibaba-nacos-config-2022.0.0.0.jar:2022.0.0.0]
	at org.springframework.cloud.bootstrap.config.PropertySourceLocator.locateCollection(PropertySourceLocator.java:50) [spring-cloud-context-4.0.3.jar:4.0.3]
	at org.springframework.cloud.bootstrap.config.PropertySourceLocator.locateCollection(PropertySourceLocator.java:46) [spring-cloud-context-4.0.3.jar:4.0.3]
	at org.springframework.cloud.bootstrap.config.PropertySourceBootstrapConfiguration.doInitialize(PropertySourceBootstrapConfiguration.java:121) [spring-cloud-context-4.0.3.jar:4.0.3]
	at org.springframework.cloud.bootstrap.config.PropertySourceBootstrapConfiguration.initialize(PropertySourceBootstrapConfiguration.java:111) [spring-cloud-context-4.0.3.jar:4.0.3]
	at org.springframework.boot.SpringApplication.applyInitializers(SpringApplication.java:607) [spring-boot-3.1.1.jar:3.1.1]
	at org.springframework.boot.SpringApplication.prepareContext(SpringApplication.java:387) [spring-boot-3.1.1.jar:3.1.1]
	at org.springframework.boot.SpringApplication.run(SpringApplication.java:311) [spring-boot-3.1.1.jar:3.1.1]
	at org.springframework.boot.SpringApplication.run(SpringApplication.java:1306) [spring-boot-3.1.1.jar:3.1.1]
	at org.springframework.boot.SpringApplication.run(SpringApplication.java:1295) [spring-boot-3.1.1.jar:3.1.1]
	at com.zlennon.gateway.SpringCloudGateWayApplication.main(SpringCloudGateWayApplication.java:15) [classes/:?]
	at jdk.internal.reflect.NativeMethodAccessorImpl.invoke0(Native Method) ~[?:?]
	at jdk.internal.reflect.NativeMethodAccessorImpl.invoke(NativeMethodAccessorImpl.java:77) ~[?:?]
	at jdk.internal.reflect.DelegatingMethodAccessorImpl.invoke(DelegatingMethodAccessorImpl.java:43) ~[?:?]
	at java.lang.reflect.Method.invoke(Method.java:568) ~[?:?]
	at org.springframework.boot.devtools.restart.RestartLauncher.run(RestartLauncher.java:50) [spring-boot-devtools-3.1.1.jar:3.1.1]
[23:16:35:586] [ERROR] - com.alibaba.cloud.nacos.client.NacosPropertySourceBuilder.loadNacosData(NacosPropertySourceBuilder.java:101) - get data from Nacos error,dataId:gateway-service-nacos-routes.yml 
com.alibaba.nacos.api.exception.NacosException: group invalid
	at com.alibaba.nacos.client.config.utils.ParamUtils.checkKeyParam(ParamUtils.java:105) ~[nacos-client-2.2.1.jar:?]
	at com.alibaba.nacos.client.config.NacosConfigService.getConfigInner(NacosConfigService.java:158) ~[nacos-client-2.2.1.jar:?]
	at com.alibaba.nacos.client.config.NacosConfigService.getConfig(NacosConfigService.java:96) ~[nacos-client-2.2.1.jar:?]
	at com.alibaba.cloud.nacos.client.NacosPropertySourceBuilder.loadNacosData(NacosPropertySourceBuilder.java:85) [spring-cloud-starter-alibaba-nacos-config-2022.0.0.0.jar:2022.0.0.0]
	at com.alibaba.cloud.nacos.client.NacosPropertySourceBuilder.build(NacosPropertySourceBuilder.java:73) [spring-cloud-starter-alibaba-nacos-config-2022.0.0.0.jar:2022.0.0.0]
	at com.alibaba.cloud.nacos.client.NacosPropertySourceLocator.loadNacosPropertySource(NacosPropertySourceLocator.java:199) [spring-cloud-starter-alibaba-nacos-config-2022.0.0.0.jar:2022.0.0.0]
	at com.alibaba.cloud.nacos.client.NacosPropertySourceLocator.loadNacosDataIfPresent(NacosPropertySourceLocator.java:186) [spring-cloud-starter-alibaba-nacos-config-2022.0.0.0.jar:2022.0.0.0]
	at com.alibaba.cloud.nacos.client.NacosPropertySourceLocator.loadApplicationConfiguration(NacosPropertySourceLocator.java:149) [spring-cloud-starter-alibaba-nacos-config-2022.0.0.0.jar:2022.0.0.0]
	at com.alibaba.cloud.nacos.client.NacosPropertySourceLocator.locate(NacosPropertySourceLocator.java:103) [spring-cloud-starter-alibaba-nacos-config-2022.0.0.0.jar:2022.0.0.0]
	at org.springframework.cloud.bootstrap.config.PropertySourceLocator.locateCollection(PropertySourceLocator.java:50) [spring-cloud-context-4.0.3.jar:4.0.3]
	at org.springframework.cloud.bootstrap.config.PropertySourceLocator.locateCollection(PropertySourceLocator.java:46) [spring-cloud-context-4.0.3.jar:4.0.3]
	at org.springframework.cloud.bootstrap.config.PropertySourceBootstrapConfiguration.doInitialize(PropertySourceBootstrapConfiguration.java:121) [spring-cloud-context-4.0.3.jar:4.0.3]
	at org.springframework.cloud.bootstrap.config.PropertySourceBootstrapConfiguration.initialize(PropertySourceBootstrapConfiguration.java:111) [spring-cloud-context-4.0.3.jar:4.0.3]
	at org.springframework.boot.SpringApplication.applyInitializers(SpringApplication.java:607) [spring-boot-3.1.1.jar:3.1.1]
	at org.springframework.boot.SpringApplication.prepareContext(SpringApplication.java:387) [spring-boot-3.1.1.jar:3.1.1]
	at org.springframework.boot.SpringApplication.run(SpringApplication.java:311) [spring-boot-3.1.1.jar:3.1.1]
	at org.springframework.boot.SpringApplication.run(SpringApplication.java:1306) [spring-boot-3.1.1.jar:3.1.1]
	at org.springframework.boot.SpringApplication.run(SpringApplication.java:1295) [spring-boot-3.1.1.jar:3.1.1]
	at com.zlennon.gateway.SpringCloudGateWayApplication.main(SpringCloudGateWayApplication.java:15) [classes/:?]
	at jdk.internal.reflect.NativeMethodAccessorImpl.invoke0(Native Method) ~[?:?]
	at jdk.internal.reflect.NativeMethodAccessorImpl.invoke(NativeMethodAccessorImpl.java:77) ~[?:?]
	at jdk.internal.reflect.DelegatingMethodAccessorImpl.invoke(DelegatingMethodAccessorImpl.java:43) ~[?:?]
	at java.lang.reflect.Method.invoke(Method.java:568) ~[?:?]
	at org.springframework.boot.devtools.restart.RestartLauncher.run(RestartLauncher.java:50) [spring-boot-devtools-3.1.1.jar:3.1.1]
